library paths:
... C:/Users/g.zarifis/Desktop/PortableDM/dist/R-Portable/App/R-Portable/library
Loading required package: shiny
Loading required package: methods

Listening on http://127.0.0.1:8241



processing file: index.Rmd
  |                                                                         |                                                                 |   0%  |                                                                         |...........                                                      |  17%
  ordinary text without R code

  |                                                                         |......................                                           |  33%
label: global (with options) 
List of 1
 $ include: logi FALSE

Highcharts (www.highcharts.com) is a Highsoft software product which is
not free for commercial and Governmental use

Attaching package: 'dplyr'

The following objects are masked from 'package:stats':

    filter, lag

The following objects are masked from 'package:base':

    intersect, setdiff, setequal, union

  |                                                                         |................................                                 |  50%
  ordinary text without R code

  |                                                                         |...........................................                      |  67%
label: unnamed-chunk-1
  |                                                                         |......................................................           |  83%
  ordinary text without R code

  |                                                                         |.................................................................| 100%
label: unnamed-chunk-2

output file: C:/Users/g.zarifis/AppData/Local/Temp/RtmpiwiHFk/index.knit.md

"C:/Users/G3512~1.ZAR/AppData/Local/Pandoc/pandoc" +RTS -K512m -RTS "C:/Users/g.zarifis/AppData/Local/Temp/RtmpiwiHFk/index.utf8.md" --to html --from markdown+autolink_bare_uris+ascii_identifiers+tex_math_single_backslash --output pandoc15e445aa66.html --smart --email-obfuscation none --standalone --section-divs --template "C:\Users\g.zarifis\Desktop\PortableDM\dist\R-Portable\App\R-Portable\library\flexdashboard\rmarkdown\templates\flex_dashboard\resources\default.html" --variable "theme:cosmo" --mathjax --variable "mathjax-url:https://cdn.mathjax.org/mathjax/latest/MathJax.js?config=TeX-AMS-MML_HTMLorMML" --include-in-header "C:\Users\G3512~1.ZAR\AppData\Local\Temp\RtmpiwiHFk\file15e4114e57html" --highlight-style pygments --include-before-body "C:\Users\G3512~1.ZAR\AppData\Local\Temp\RtmpiwiHFk\file15e44ba710a1.html" --include-after-body "C:\Users\G3512~1.ZAR\AppData\Local\Temp\RtmpiwiHFk\file15e41ad67aa8.html" --id-prefix section- 

Output created: C:/Users/g.zarifis/AppData/Local/Temp/RtmpiwiHFk/file15e473127b20.html
